2023-10-29 13:39:06.835 [info] Extension host with pid 36339 started
2023-10-29 13:39:06.940 [info] ExtensionService#_doActivateExtension vscode.git-base, startup: true, activationEvent: '*', root cause: vscode.git
2023-10-29 13:39:06.969 [info] ExtensionService#_doActivateExtension vscode.git, startup: true, activationEvent: '*'
2023-10-29 13:39:07.035 [info] ExtensionService#_doActivateExtension vscode.github, startup: true, activationEvent: '*'
2023-10-29 13:39:07.156 [info] Eager extensions activated
2023-10-29 13:39:07.282 [info] ExtensionService#_doActivateExtension vscode.debug-auto-launch, startup: false, activationEvent: 'onStartupFinished'
2023-10-29 13:39:07.284 [info] ExtensionService#_doActivateExtension vscode.merge-conflict, startup: false, activationEvent: 'onStartupFinished'
2023-10-29 13:39:08.593 [info] ExtensionService#_doActivateExtension vscode.json-language-features, startup: false, activationEvent: 'onLanguage:jsonc'
2023-10-29 13:39:08.684 [info] ExtensionService#_doActivateExtension vscode.typescript-language-features, startup: false, activationEvent: 'onLanguage:jsonc'
2023-10-29 13:39:08.739 [info] ExtensionService#_doActivateExtension vscode.emmet, startup: false, activationEvent: 'onLanguage'
2023-10-29 13:39:20.135 [info] Extension host terminating: renderer closed the MessagePort
2023-10-29 13:39:20.155 [info] Extension host with pid 36339 exiting with code 0
2023-10-29 13:39:20.910 [info] Extension host with pid 36559 started
2023-10-29 13:39:20.910 [info] Skipping acquiring lock for /home/m/.config/Code/User/workspaceStorage/86e7a1f9a4aecaa010f21976ab41ff4b.
2023-10-29 13:39:20.976 [info] ExtensionService#_doActivateExtension vscode.git-base, startup: true, activationEvent: '*'
2023-10-29 13:39:20.987 [info] ExtensionService#_doActivateExtension vscode.github, startup: true, activationEvent: '*'
2023-10-29 13:39:21.000 [info] Eager extensions activated
2023-10-29 13:39:21.006 [info] ExtensionService#_doActivateExtension vscode.debug-auto-launch, startup: false, activationEvent: 'onStartupFinished'
2023-10-29 13:39:21.008 [info] ExtensionService#_doActivateExtension vscode.merge-conflict, startup: false, activationEvent: 'onStartupFinished'
2023-10-29 13:39:22.348 [info] ExtensionService#_doActivateExtension vscode.git, startup: false, activationEvent: 'api', root cause: vscode.github
2023-10-29 13:39:23.096 [info] ExtensionService#_doActivateExtension vscode.css-language-features, startup: false, activationEvent: 'onLanguage:css'
2023-10-29 13:39:23.128 [info] ExtensionService#_doActivateExtension vscode.emmet, startup: false, activationEvent: 'onLanguage'
2023-10-29 13:39:47.860 [info] Extension host terminating: renderer closed the MessagePort
2023-10-29 13:39:47.870 [info] Extension host with pid 36559 exiting with code 0
