2023-10-29 22:21:26.501 [info] Log level: Info
2023-10-29 22:21:26.501 [info] Validating found git in: "git"
2023-10-29 22:21:26.501 [info] Using git "2.42.0" from "git"
2023-10-29 22:21:26.501 [info] > git rev-parse --show-toplevel [2ms]
2023-10-29 22:21:26.501 [info] fatal: not a git repository (or any parent up to mount point /)
Stopping at filesystem boundary (GIT_DISCOVERY_ACROSS_FILESYSTEM not set).
2023-10-29 22:21:26.501 [info] > git rev-parse --show-toplevel [4ms]
2023-10-29 22:21:26.501 [info] fatal: not a git repository (or any parent up to mount point /)
Stopping at filesystem boundary (GIT_DISCOVERY_ACROSS_FILESYSTEM not set).
2023-10-29 22:21:26.502 [info] > git rev-parse --show-toplevel [5ms]
2023-10-29 22:21:26.502 [info] fatal: not a git repository (or any parent up to mount point /)
Stopping at filesystem boundary (GIT_DISCOVERY_ACROSS_FILESYSTEM not set).
2023-10-29 22:21:26.607 [info] > git rev-parse --show-toplevel [1ms]
2023-10-29 22:21:26.607 [info] fatal: not a git repository (or any parent up to mount point /)
Stopping at filesystem boundary (GIT_DISCOVERY_ACROSS_FILESYSTEM not set).
2023-10-29 22:21:26.788 [info] > git rev-parse --show-toplevel [2ms]
2023-10-29 22:21:26.788 [info] fatal: not a git repository (or any parent up to mount point /)
Stopping at filesystem boundary (GIT_DISCOVERY_ACROSS_FILESYSTEM not set).
2023-10-29 22:21:39.275 [info] > git rev-parse --show-toplevel [1ms]
2023-10-29 22:21:39.275 [info] fatal: not a git repository (or any parent up to mount point /)
Stopping at filesystem boundary (GIT_DISCOVERY_ACROSS_FILESYSTEM not set).
2023-10-29 22:21:40.834 [info] > git rev-parse --show-toplevel [8ms]
2023-10-29 22:21:40.834 [info] fatal: not a git repository (or any parent up to mount point /)
Stopping at filesystem boundary (GIT_DISCOVERY_ACROSS_FILESYSTEM not set).
2023-10-29 22:21:54.103 [info] Log level: Info
2023-10-29 22:21:54.103 [info] Validating found git in: "git"
2023-10-29 22:21:54.103 [info] Using git "2.42.0" from "git"
2023-10-29 22:21:54.103 [info] > git rev-parse --show-toplevel [3ms]
2023-10-29 22:21:54.103 [info] fatal: not a git repository (or any parent up to mount point /)
Stopping at filesystem boundary (GIT_DISCOVERY_ACROSS_FILESYSTEM not set).
2023-10-29 22:21:54.111 [info] > git rev-parse --show-toplevel [1ms]
2023-10-29 22:21:54.111 [info] fatal: not a git repository (or any parent up to mount point /)
Stopping at filesystem boundary (GIT_DISCOVERY_ACROSS_FILESYSTEM not set).
2023-10-29 22:21:54.146 [info] > git rev-parse --show-toplevel [2ms]
2023-10-29 22:21:54.146 [info] fatal: not a git repository (or any parent up to mount point /)
Stopping at filesystem boundary (GIT_DISCOVERY_ACROSS_FILESYSTEM not set).
2023-10-29 22:21:54.210 [info] > git rev-parse --show-toplevel [2ms]
2023-10-29 22:21:54.210 [info] fatal: not a git repository (or any parent up to mount point /)
Stopping at filesystem boundary (GIT_DISCOVERY_ACROSS_FILESYSTEM not set).
2023-10-29 22:21:54.353 [info] > git rev-parse --show-toplevel [3ms]
2023-10-29 22:21:54.353 [info] fatal: not a git repository (or any parent up to mount point /)
Stopping at filesystem boundary (GIT_DISCOVERY_ACROSS_FILESYSTEM not set).
