2023-10-29 22:21:25.981 [info] Extension host with pid 42736 started
2023-10-29 22:21:25.982 [info] Skipping acquiring lock for /home/m/.config/Code/User/workspaceStorage/86e7a1f9a4aecaa010f21976ab41ff4b.
2023-10-29 22:21:26.033 [info] ExtensionService#_doActivateExtension vscode.emmet, startup: false, activationEvent: 'onLanguage'
2023-10-29 22:21:26.045 [info] ExtensionService#_doActivateExtension vscode.css-language-features, startup: false, activationEvent: 'onLanguage:css'
2023-10-29 22:21:26.338 [info] ExtensionService#_doActivateExtension vscode.git-base, startup: true, activationEvent: '*', root cause: vscode.git
2023-10-29 22:21:26.359 [info] ExtensionService#_doActivateExtension vscode.git, startup: true, activationEvent: '*'
2023-10-29 22:21:26.385 [info] ExtensionService#_doActivateExtension vscode.github, startup: true, activationEvent: '*'
2023-10-29 22:21:26.449 [info] Eager extensions activated
2023-10-29 22:21:26.479 [info] ExtensionService#_doActivateExtension vscode.debug-auto-launch, startup: false, activationEvent: 'onStartupFinished'
2023-10-29 22:21:26.482 [info] ExtensionService#_doActivateExtension vscode.merge-conflict, startup: false, activationEvent: 'onStartupFinished'
2023-10-29 22:21:39.350 [info] ExtensionService#_doActivateExtension Catppuccin.catppuccin-vsc, startup: false, activationEvent: 'onStartupFinished'
2023-10-29 22:21:40.756 [info] ExtensionService#_doActivateExtension vscode.json-language-features, startup: false, activationEvent: 'onLanguage:jsonc'
2023-10-29 22:21:40.780 [info] ExtensionService#_doActivateExtension vscode.typescript-language-features, startup: false, activationEvent: 'onLanguage:jsonc'
2023-10-29 22:21:53.365 [info] Extension host terminating: renderer closed the MessagePort
2023-10-29 22:21:53.371 [info] Extension host with pid 42736 exiting with code 0
2023-10-29 22:21:53.995 [info] Extension host with pid 42896 started
2023-10-29 22:21:53.995 [info] Skipping acquiring lock for /home/m/.config/Code/User/workspaceStorage/86e7a1f9a4aecaa010f21976ab41ff4b.
2023-10-29 22:21:54.015 [info] ExtensionService#_doActivateExtension vscode.git-base, startup: true, activationEvent: '*', root cause: vscode.git
2023-10-29 22:21:54.024 [info] ExtensionService#_doActivateExtension vscode.git, startup: true, activationEvent: '*'
2023-10-29 22:21:54.048 [info] ExtensionService#_doActivateExtension vscode.github, startup: true, activationEvent: '*'
2023-10-29 22:21:54.090 [info] Eager extensions activated
2023-10-29 22:21:54.114 [info] ExtensionService#_doActivateExtension vscode.debug-auto-launch, startup: false, activationEvent: 'onStartupFinished'
2023-10-29 22:21:54.116 [info] ExtensionService#_doActivateExtension vscode.merge-conflict, startup: false, activationEvent: 'onStartupFinished'
2023-10-29 22:21:54.121 [info] ExtensionService#_doActivateExtension Catppuccin.catppuccin-vsc, startup: false, activationEvent: 'onStartupFinished'
2023-10-29 22:21:54.621 [info] Extension host terminating: renderer closed the MessagePort
2023-10-29 22:21:54.624 [info] Extension host with pid 42896 exiting with code 0
