2023-10-29 22:21:25.518 [info] Added views:workbench.panel.markers.view in workbench.panel.markers
2023-10-29 22:21:25.518 [info] Added views:workbench.panel.output in workbench.panel.output
2023-10-29 22:21:25.518 [info] Added views:terminal in terminal
2023-10-29 22:21:25.518 [info] Added views:outline in workbench.view.explorer
2023-10-29 22:21:25.518 [info] Added views:workbench.scm in workbench.view.scm
2023-10-29 22:21:25.518 [info] Added views:workbench.view.search in workbench.view.search
2023-10-29 22:21:25.518 [info] Added views:timeline in workbench.view.explorer
2023-10-29 22:21:25.518 [info] Added views:workbench.explorer.fileView in workbench.view.explorer
2023-10-29 22:21:25.679 [info] Added views:workbench.debug.welcome in workbench.view.debug
2023-10-29 22:21:26.035 [info] Added views:workbench.panel.repl.view in workbench.panel.repl
2023-10-29 22:21:26.605 [info] Added views:~remote.forwardedPorts in ~remote.forwardedPortsContainer
2023-10-29 22:21:32.984 [info] Added views:workbench.views.extensions.installed,workbench.views.extensions.popular,extensions.recommendedList in workbench.view.extensions
2023-10-29 22:21:32.985 [info] Removed views:workbench.views.extensions.popular from workbench.view.extensions
2023-10-29 22:21:35.635 [info] Removed views:extensions.recommendedList,workbench.views.extensions.installed from workbench.view.extensions
2023-10-29 22:21:35.647 [info] Added views:workbench.views.extensions.marketplace in workbench.view.extensions
2023-10-29 22:21:53.709 [info] Added views:workbench.panel.markers.view in workbench.panel.markers
2023-10-29 22:21:53.709 [info] Added views:workbench.panel.output in workbench.panel.output
2023-10-29 22:21:53.709 [info] Added views:terminal in terminal
2023-10-29 22:21:53.709 [info] Added views:outline in workbench.view.explorer
2023-10-29 22:21:53.709 [info] Added views:workbench.scm in workbench.view.scm
2023-10-29 22:21:53.709 [info] Added views:workbench.view.search in workbench.view.search
2023-10-29 22:21:53.709 [info] Added views:timeline in workbench.view.explorer
2023-10-29 22:21:53.709 [info] Added views:workbench.explorer.fileView in workbench.view.explorer
2023-10-29 22:21:54.001 [info] Added views:workbench.debug.welcome in workbench.view.debug
2023-10-29 22:21:54.014 [info] Added views:workbench.panel.repl.view in workbench.panel.repl
2023-10-29 22:21:54.131 [info] Added views:~remote.forwardedPorts in ~remote.forwardedPortsContainer
