2023-10-29 15:25:25.884 [info] Log level: Info
2023-10-29 15:25:25.884 [info] Validating found git in: "git"
2023-10-29 15:25:25.884 [info] Using git "2.42.0" from "git"
2023-10-29 15:25:25.898 [info] > git rev-parse --show-toplevel [2ms]
2023-10-29 15:25:25.898 [info] fatal: not a git repository (or any parent up to mount point /)
Stopping at filesystem boundary (GIT_DISCOVERY_ACROSS_FILESYSTEM not set).
2023-10-29 15:25:25.915 [info] > git rev-parse --show-toplevel [4ms]
2023-10-29 15:25:25.915 [info] fatal: not a git repository (or any parent up to mount point /)
Stopping at filesystem boundary (GIT_DISCOVERY_ACROSS_FILESYSTEM not set).
2023-10-29 15:25:25.935 [info] > git rev-parse --show-toplevel [1ms]
2023-10-29 15:25:25.935 [info] fatal: not a git repository (or any parent up to mount point /)
Stopping at filesystem boundary (GIT_DISCOVERY_ACROSS_FILESYSTEM not set).
2023-10-29 15:25:26.049 [info] > git rev-parse --show-toplevel [1ms]
2023-10-29 15:25:26.049 [info] fatal: not a git repository (or any parent up to mount point /)
Stopping at filesystem boundary (GIT_DISCOVERY_ACROSS_FILESYSTEM not set).
2023-10-29 15:25:26.184 [info] > git rev-parse --show-toplevel [1ms]
2023-10-29 15:25:26.184 [info] fatal: not a git repository (or any parent up to mount point /)
Stopping at filesystem boundary (GIT_DISCOVERY_ACROSS_FILESYSTEM not set).
2023-10-29 15:25:26.361 [info] > git rev-parse --show-toplevel [0ms]
2023-10-29 15:25:26.361 [info] fatal: not a git repository (or any parent up to mount point /)
Stopping at filesystem boundary (GIT_DISCOVERY_ACROSS_FILESYSTEM not set).
2023-10-29 15:25:30.298 [info] > git rev-parse --show-toplevel [2ms]
2023-10-29 15:25:30.299 [info] fatal: not a git repository (or any parent up to mount point /)
Stopping at filesystem boundary (GIT_DISCOVERY_ACROSS_FILESYSTEM not set).
2023-10-29 15:25:37.100 [info] > git rev-parse --show-toplevel [1ms]
2023-10-29 15:25:37.100 [info] fatal: not a git repository (or any parent up to mount point /)
Stopping at filesystem boundary (GIT_DISCOVERY_ACROSS_FILESYSTEM not set).
2023-10-29 15:25:38.741 [info] > git rev-parse --show-toplevel [10ms]
2023-10-29 15:25:38.741 [info] fatal: not a git repository (or any parent up to mount point /)
Stopping at filesystem boundary (GIT_DISCOVERY_ACROSS_FILESYSTEM not set).
2023-10-29 15:25:46.402 [info] > git rev-parse --show-toplevel [2ms]
2023-10-29 15:25:46.403 [info] fatal: not a git repository (or any parent up to mount point /)
Stopping at filesystem boundary (GIT_DISCOVERY_ACROSS_FILESYSTEM not set).
2023-10-29 15:25:48.073 [info] > git rev-parse --show-toplevel [1ms]
2023-10-29 15:25:48.074 [info] fatal: not a git repository (or any parent up to mount point /)
Stopping at filesystem boundary (GIT_DISCOVERY_ACROSS_FILESYSTEM not set).
2023-10-29 15:27:05.733 [info] > git rev-parse --show-toplevel [3ms]
2023-10-29 15:27:05.733 [info] fatal: not a git repository (or any parent up to mount point /)
Stopping at filesystem boundary (GIT_DISCOVERY_ACROSS_FILESYSTEM not set).
